This is XeTeX, Version 3.1415926-2.5-0.9999.3 (TeX Live 2013/Debian) (format=xelatex 2014.6.12)  5 JUL 2014 16:05
entering extended mode
 restricted \write18 enabled.
 %&-line parsing enabled.
**report.tex
(./report.tex
LaTeX2e <2011/06/27>
Babel <3.9f> and hyphenation patterns for 78 languages loaded.
(/usr/share/texlive/texmf-dist/tex/latex/base/report.cls
Document Class: report 2007/10/19 v1.4h Standard LaTeX document class
(/usr/share/texlive/texmf-dist/tex/latex/base/size12.clo
File: size12.clo 2007/10/19 v1.4h Standard LaTeX file (size option)
)
\c@part=\count80
\c@chapter=\count81
\c@section=\count82
\c@subsection=\count83
\c@subsubsection=\count84
\c@paragraph=\count85
\c@subparagraph=\count86
\c@figure=\count87
\c@table=\count88
\abovecaptionskip=\skip41
\belowcaptionskip=\skip42
\bibindent=\dimen102
)
(/usr/share/texlive/texmf-dist/tex/latex/preprint/fullpage.sty
Package: fullpage 1999/02/23 1.1 (PWD)
\FP@margin=\skip43
) (./mystyle.sty
Package: mystyle 

(/usr/share/texlive/texmf-dist/tex/latex/xltxtra/xltxtra.sty
Package: xltxtra 2010/09/20 v0.5e Improvements for the "XeLaTeX" format

(/usr/share/texlive/texmf-dist/tex/generic/oberdiek/ifluatex.sty
Package: ifluatex 2010/03/01 v1.3 Provides the ifluatex switch (HO)
Package ifluatex Info: LuaTeX not detected.
)
(/usr/share/texlive/texmf-dist/tex/generic/ifxetex/ifxetex.sty
Package: ifxetex 2010/09/12 v0.6 Provides ifxetex conditional
)
(/usr/share/texlive/texmf-dist/tex/latex/fontspec/fontspec.sty
Package: fontspec 2013/05/20 v2.3c Font selection for XeLaTeX and LuaLaTeX

(/usr/share/texlive/texmf-dist/tex/latex/l3kernel/expl3.sty
(/usr/share/texlive/texmf-dist/tex/latex/l3kernel/l3names.sty
(/usr/share/texlive/texmf-dist/tex/latex/l3kernel/l3bootstrap.sty
Package: l3bootstrap 2013/01/08 v4420 L3 Experimental bootstrap code
)
Package: l3names 2012/12/07 v4346 L3 Namespace for primitives
)
(/usr/share/texlive/texmf-dist/tex/latex/etex-pkg/etex.sty
Package: etex 1998/03/26 v2.0 eTeX basic definition package (PEB)
\et@xins=\count89
)
Package: expl3 2013/07/12 v4544 L3 Experimental code bundle wrapper

(/usr/share/texlive/texmf-dist/tex/latex/l3kernel/l3basics.sty
Package: l3basics 2013/07/09 v4521 L3 Basic definitions
)
(/usr/share/texlive/texmf-dist/tex/latex/l3kernel/l3expan.sty
Package: l3expan 2013/07/09 v4521 L3 Argument expansion
)
(/usr/share/texlive/texmf-dist/tex/latex/l3kernel/l3tl.sty
Package: l3tl 2013/04/24 v4482 L3 Token lists
)
(/usr/share/texlive/texmf-dist/tex/latex/l3kernel/l3seq.sty
Package: l3seq 2013/05/26 v4500 L3 Sequences and stacks
)
(/usr/share/texlive/texmf-dist/tex/latex/l3kernel/l3int.sty
Package: l3int 2013/04/24 v4482 L3 Integers
\c_max_int=\count90
\l_tmpa_int=\count91
\l_tmpb_int=\count92
\g_tmpa_int=\count93
\g_tmpb_int=\count94
)
(/usr/share/texlive/texmf-dist/tex/latex/l3kernel/l3quark.sty
Package: l3quark 2013/07/09 v4521 L3 Quarks
)
(/usr/share/texlive/texmf-dist/tex/latex/l3kernel/l3prg.sty
Package: l3prg 2013/04/24 v4482 L3 Control structures
\g__prg_map_int=\count95
)
(/usr/share/texlive/texmf-dist/tex/latex/l3kernel/l3clist.sty
Package: l3clist 2013/05/26 v4500 L3 Comma separated lists
)
(/usr/share/texlive/texmf-dist/tex/latex/l3kernel/l3token.sty
Package: l3token 2013/04/24 v4482 L3 Experimental token manipulation
)
(/usr/share/texlive/texmf-dist/tex/latex/l3kernel/l3prop.sty
Package: l3prop 2013/01/09 v4423 L3 Property lists
)
(/usr/share/texlive/texmf-dist/tex/latex/l3kernel/l3msg.sty
Package: l3msg 2013/01/08 v4412 L3 Messages
)
(/usr/share/texlive/texmf-dist/tex/latex/l3kernel/l3file.sty
Package: l3file 2013/05/01 v4483 L3 File and I/O operations
\l_iow_line_count_int=\count96
\l__iow_target_count_int=\count97
\l__iow_current_line_int=\count98
\l__iow_current_word_int=\count99
\l__iow_current_indentation_int=\count100
)
(/usr/share/texlive/texmf-dist/tex/latex/l3kernel/l3skip.sty
Package: l3skip 2013/01/13 v4444 L3 Dimensions and skips
\c_zero_dim=\dimen103
\c_max_dim=\dimen104
\l_tmpa_dim=\dimen105
\l_tmpb_dim=\dimen106
\g_tmpa_dim=\dimen107
\g_tmpb_dim=\dimen108
\c_zero_skip=\skip44
\c_max_skip=\skip45
\l_tmpa_skip=\skip46
\l_tmpb_skip=\skip47
\g_tmpa_skip=\skip48
\g_tmpb_skip=\skip49
\c_zero_muskip=\muskip10
\c_max_muskip=\muskip11
\l_tmpa_muskip=\muskip12
\l_tmpb_muskip=\muskip13
\g_tmpa_muskip=\muskip14
\g_tmpb_muskip=\muskip15
)
(/usr/share/texlive/texmf-dist/tex/latex/l3kernel/l3keys.sty
Package: l3keys 2013/07/12 v4544 L3 Experimental key-value interfaces
\g__keyval_level_int=\count101
\l_keys_choice_int=\count102
)
(/usr/share/texlive/texmf-dist/tex/latex/l3kernel/l3fp.sty
Package: l3fp 2013/07/09 v4521 L3 Floating points
\c__fp_leading_shift_int=\count103
\c__fp_middle_shift_int=\count104
\c__fp_trailing_shift_int=\count105
\c__fp_big_leading_shift_int=\count106
\c__fp_big_middle_shift_int=\count107
\c__fp_big_trailing_shift_int=\count108
\c__fp_Bigg_leading_shift_int=\count109
\c__fp_Bigg_middle_shift_int=\count110
\c__fp_Bigg_trailing_shift_int=\count111
)
(/usr/share/texlive/texmf-dist/tex/latex/l3kernel/l3box.sty
Package: l3box 2013/04/24 v4482 L3 Experimental boxes
\c_empty_box=\box26
\l_tmpa_box=\box27
\l_tmpb_box=\box28
\g_tmpa_box=\box29
\g_tmpb_box=\box30
)
(/usr/share/texlive/texmf-dist/tex/latex/l3kernel/l3coffins.sty
Package: l3coffins 2012/09/09 v4212 L3 Coffin code layer
\l__coffin_internal_box=\box31
\l__coffin_internal_dim=\dimen109
\l__coffin_offset_x_dim=\dimen110
\l__coffin_offset_y_dim=\dimen111
\l__coffin_x_dim=\dimen112
\l__coffin_y_dim=\dimen113
\l__coffin_x_prime_dim=\dimen114
\l__coffin_y_prime_dim=\dimen115
\c_empty_coffin=\box32
\l__coffin_aligned_coffin=\box33
\l__coffin_aligned_internal_coffin=\box34
\l_tmpa_coffin=\box35
\l_tmpb_coffin=\box36
\l__coffin_display_coffin=\box37
\l__coffin_display_coord_coffin=\box38
\l__coffin_display_pole_coffin=\box39
\l__coffin_display_offset_dim=\dimen116
\l__coffin_display_x_dim=\dimen117
\l__coffin_display_y_dim=\dimen118
)
(/usr/share/texlive/texmf-dist/tex/latex/l3kernel/l3color.sty
Package: l3color 2012/08/29 v4156 L3 Experimental color support
)
(/usr/share/texlive/texmf-dist/tex/latex/l3kernel/l3luatex.sty
Package: l3luatex 2012/08/03 v4049 L3 Experimental LuaTeX-specific functions
\g__cctab_allocate_int=\count112
\g__cctab_stack_int=\count113
)
(/usr/share/texlive/texmf-dist/tex/latex/l3kernel/l3candidates.sty
Package: l3candidates 2013/07/09 v4521 L3 Experimental additions to l3kernel
\l__box_top_dim=\dimen119
\l__box_bottom_dim=\dimen120
\l__box_left_dim=\dimen121
\l__box_right_dim=\dimen122
\l__box_top_new_dim=\dimen123
\l__box_bottom_new_dim=\dimen124
\l__box_left_new_dim=\dimen125
\l__box_right_new_dim=\dimen126
\l__box_internal_box=\box40
\l__coffin_bounding_shift_dim=\dimen127
\l__coffin_left_corner_dim=\dimen128
\l__coffin_right_corner_dim=\dimen129
\l__coffin_bottom_corner_dim=\dimen130
\l__coffin_top_corner_dim=\dimen131
\l__coffin_scaled_total_height_dim=\dimen132
\l__coffin_scaled_width_dim=\dimen133
)
(/usr/share/texlive/texmf-dist/tex/generic/oberdiek/ifpdf.sty
Package: ifpdf 2011/01/30 v2.3 Provides the ifpdf switch (HO)
Package ifpdf Info: pdfTeX in PDF mode is not detected.
))
(/usr/share/texlive/texmf-dist/tex/latex/l3packages/xparse/xparse.sty
Package: xparse 2013/07/12 v4544 L3 Experimental document command parser
\l__xparse_current_arg_int=\count114
\l__xparse_m_args_int=\count115
\l__xparse_mandatory_args_int=\count116
\l__xparse_processor_int=\count117
\l__xparse_v_nesting_int=\count118
)
\l_fontspec_script_int=\count119
\l_fontspec_language_int=\count120
\l_fontspec_strnum_int=\count121
\l_fontspec_tmpa_dim=\dimen134
\l_fontspec_tmpb_dim=\dimen135
\l_fontspec_tmpc_dim=\dimen136
Variant \tl_gset:cV already defined; not changing it on line 69

(/usr/share/texlive/texmf-dist/tex/latex/fontspec/fontspec-patches.sty
Package: fontspec-patches 2013/05/20 v2.3c Font selection for XeLaTeX and LuaLa
TeX

(/usr/share/texlive/texmf-dist/tex/latex/base/fixltx2e.sty
Package: fixltx2e 2006/09/13 v1.1m fixes to LaTeX
LaTeX Info: Redefining \em on input line 420.
)
LaTeX Info: Redefining \em on input line 22.
LaTeX Info: Redefining \emph on input line 30.
LaTeX Info: Redefining \- on input line 33.

*************************************************
* LaTeX warning: "xparse/redefine-command"
* 
* Redefining document command \oldstylenums with arg. spec. 'm' on line 128.
*************************************************
.................................................
. LaTeX info: "xparse/define-command"
. 
. Defining document command \liningnums with arg. spec. 'm' on line 132.
.................................................
) (/usr/share/texlive/texmf-dist/tex/latex/fontspec/fontspec-xetex.sty
Package: fontspec-xetex 2013/05/20 v2.3c Font selection for XeLaTeX and LuaLaTe
X

(/usr/share/texlive/texmf-dist/tex/latex/base/fontenc.sty
Package: fontenc 2005/09/27 v1.99g Standard LaTeX package

(/usr/share/texlive/texmf-dist/tex/latex/euenc/eu1enc.def
File: eu1enc.def 2010/05/27 v0.1h Experimental Unicode font encodings
)
LaTeX Font Info:    Try loading font information for EU1+lmr on input line 100.


(/usr/share/texlive/texmf-dist/tex/latex/euenc/eu1lmr.fd
File: eu1lmr.fd 2009/10/30 v1.6 Font defs for Latin Modern
))
(/usr/share/texlive/texmf-dist/tex/xelatex/xunicode/xunicode.sty
File: xunicode.sty 2011/09/09 v0.981 provides access to latin accents and many 
other characters in Unicode lower plane

(/usr/share/texmf/tex/latex/tipa/t3enc.def
File: t3enc.def 2001/12/31 T3 encoding
LaTeX Font Info:    Try loading font information for EU1+lmss on input line 357
.

(/usr/share/texlive/texmf-dist/tex/latex/euenc/eu1lmss.fd
File: eu1lmss.fd 2009/10/30 v1.6 Font defs for Latin Modern
))
\tipaTiiicode=\count122
\tipasavetokens=\toks14
\tipachecktokens=\toks15

(/usr/share/texlive/texmf-dist/tex/latex/graphics/graphicx.sty
Package: graphicx 1999/02/16 v1.0f Enhanced LaTeX Graphics (DPC,SPQR)

(/usr/share/texlive/texmf-dist/tex/latex/graphics/keyval.sty
Package: keyval 1999/03/16 v1.13 key=value parser (DPC)
\KV@toks@=\toks16
)
(/usr/share/texlive/texmf-dist/tex/latex/graphics/graphics.sty
Package: graphics 2009/02/05 v1.0o Standard LaTeX Graphics (DPC,SPQR)

(/usr/share/texlive/texmf-dist/tex/latex/graphics/trig.sty
Package: trig 1999/03/16 v1.09 sin cos tan (DPC)
)
(/usr/share/texlive/texmf-dist/tex/latex/latexconfig/graphics.cfg
File: graphics.cfg 2010/04/23 v1.9 graphics configuration of TeX Live
)
Package graphics Info: Driver file: xetex.def on input line 91.

(/usr/share/texlive/texmf-dist/tex/xelatex/xetex-def/xetex.def
File: xetex.def 2013/04/29 v0.96 LaTeX color/graphics driver for XeTeX (RRM/JK)

))
\Gin@req@height=\dimen137
\Gin@req@width=\dimen138
))
.................................................
. LaTeX info: "xparse/define-command"
. 
. Defining document command \fontspec with arg. spec. 'O{}m' on line 41.
.................................................
.................................................
. LaTeX info: "xparse/define-command"
. 
. Defining document command \setmainfont with arg. spec. 'O{}m' on line 46.
.................................................
.................................................
. LaTeX info: "xparse/define-command"
. 
. Defining document command \setsansfont with arg. spec. 'O{}m' on line 51.
.................................................
.................................................
. LaTeX info: "xparse/define-command"
. 
. Defining document command \setmonofont with arg. spec. 'O{}m' on line 56.
.................................................
.................................................
. LaTeX info: "xparse/define-command"
. 
. Defining document command \setmathrm with arg. spec. 'O{}m' on line 65.
.................................................
.................................................
. LaTeX info: "xparse/define-command"
. 
. Defining document command \setboldmathrm with arg. spec. 'O{}m' on line 69.
.................................................
.................................................
. LaTeX info: "xparse/define-command"
. 
. Defining document command \setmathsf with arg. spec. 'O{}m' on line 73.
.................................................
.................................................
. LaTeX info: "xparse/define-command"
. 
. Defining document command \setmathtt with arg. spec. 'O{}m' on line 77.
.................................................
.................................................
. LaTeX info: "xparse/define-command"
. 
. Defining document command \newfontfamily with arg. spec. 'mO{}m' on line 96.
.................................................
.................................................
. LaTeX info: "xparse/define-command"
. 
. Defining document command \newfontface with arg. spec. 'mO{}m' on line 100.
.................................................
.................................................
. LaTeX info: "xparse/define-command"
. 
. Defining document command \defaultfontfeatures with arg. spec. 'om' on line
. 108.
.................................................
.................................................
. LaTeX info: "xparse/define-command"
. 
. Defining document command \addfontfeatures with arg. spec. 'm' on line 144.
.................................................
.................................................
. LaTeX info: "xparse/define-command"
. 
. Defining document command \newfontfeature with arg. spec. 'mm' on line 156.
.................................................
.................................................
. LaTeX info: "xparse/define-command"
. 
. Defining document command \newAATfeature with arg. spec. 'mmmm' on line 164.
.................................................
.................................................
. LaTeX info: "xparse/define-command"
. 
. Defining document command \newICUfeature with arg. spec. 'mmm' on line 172.
.................................................
.................................................
. LaTeX info: "xparse/define-command"
. 
. Defining document command \aliasfontfeature with arg. spec. 'mm' on line
. 201.
.................................................
.................................................
. LaTeX info: "xparse/define-command"
. 
. Defining document command \aliasfontfeatureoption with arg. spec. 'mmm' on
. line 203.
.................................................
.................................................
. LaTeX info: "xparse/define-command"
. 
. Defining document command \newfontscript with arg. spec. 'mm' on line 208.
.................................................
.................................................
. LaTeX info: "xparse/define-command"
. 
. Defining document command \newfontlanguage with arg. spec. 'mm' on line 235.
.................................................
.................................................
. LaTeX info: "xparse/define-command"
. 
. Defining document command \DeclareFontsExtensions with arg. spec. 'm' on
. line 256.
.................................................
Variant \prop_gput:cnV already defined; not changing it on line 582
Variant \prop_gput:cnx already defined; not changing it on line 583
\l_fontspec_tmp_int=\count123
LaTeX Info: Redefining \itshape on input line 2087.
LaTeX Info: Redefining \slshape on input line 2092.
LaTeX Info: Redefining \scshape on input line 2097.
LaTeX Info: Redefining \upshape on input line 2102.

(/usr/share/texlive/texmf-dist/tex/latex/fontspec/fontspec.cfg)))
(/usr/share/texlive/texmf-dist/tex/latex/realscripts/realscripts.sty
Package: realscripts 2013/03/18 v0.3c Access OpenType subscripts and superscrip
ts
.................................................
. LaTeX info: "xparse/define-command"
. 
. Defining document command \fakesubscript with arg. spec. 'm' on line 19.
.................................................
.................................................
. LaTeX info: "xparse/define-command"
. 
. Defining document command \fakesuperscript with arg. spec. 'm' on line 22.
.................................................

*************************************************
* LaTeX warning: "xparse/redefine-command"
* 
* Redefining document command \textsubscript with arg. spec. 's' on line 25.
*************************************************
*************************************************
* LaTeX warning: "xparse/redefine-command"
* 
* Redefining document command \textsuperscript with arg. spec. 's' on line 28.
*************************************************
.................................................
. LaTeX info: "xparse/define-command"
. 
. Defining document command \realsubscript with arg. spec. 'm' on line 45.
.................................................
.................................................
. LaTeX info: "xparse/define-command"
. 
. Defining document command \realsuperscript with arg. spec. 'm' on line 60.
.................................................
.................................................
. LaTeX info: "xparse/define-command"
. 
. Defining document command \textsubsuperscript with arg. spec. 'sO{l}mm' on
. line 138.
.................................................
.................................................
. LaTeX info: "xparse/define-command"
. 
. Defining document command \textsupersubscript with arg. spec. 'sO{l}mm' on
. line 143.
.................................................
\subsupersep=\dimen139
) (/usr/share/texlive/texmf-dist/tex/latex/metalogo/metalogo.sty
Package: metalogo 2010/05/29 v0.12 Extended TeX logo macros
\xl@everylogo=\toks17
\xl@@everylogo=\toks18
LaTeX Info: Redefining \TeX on input line 193.
LaTeX Info: Redefining \LaTeX on input line 202.
LaTeX Info: Redefining \LaTeXe on input line 219.
)
\xxt@tempbox=\box41
)
(/usr/share/texlive/texmf-dist/tex/latex/tools/array.sty
Package: array 2008/09/09 v2.4c Tabular extension package (FMi)
\col@sep=\dimen140
\extrarowheight=\dimen141
\NC@list=\toks19
\extratabsurround=\skip50
\backup@length=\skip51
)
(/usr/share/texlive/texmf-dist/tex/latex/amsmath/amsmath.sty
Package: amsmath 2013/01/14 v2.14 AMS math features
\@mathmargin=\skip52

For additional information on amsmath, use the `?' option.
(/usr/share/texlive/texmf-dist/tex/latex/amsmath/amstext.sty
Package: amstext 2000/06/29 v2.01

(/usr/share/texlive/texmf-dist/tex/latex/amsmath/amsgen.sty
File: amsgen.sty 1999/11/30 v2.0
\@emptytoks=\toks20
\ex@=\dimen142
))
(/usr/share/texlive/texmf-dist/tex/latex/amsmath/amsbsy.sty
Package: amsbsy 1999/11/29 v1.2d
\pmbraise@=\dimen143
)
(/usr/share/texlive/texmf-dist/tex/latex/amsmath/amsopn.sty
Package: amsopn 1999/12/14 v2.01 operator names
)
\inf@bad=\count124
LaTeX Info: Redefining \frac on input line 210.
\uproot@=\count125
\leftroot@=\count126
LaTeX Info: Redefining \overline on input line 306.
\classnum@=\count127
\DOTSCASE@=\count128
LaTeX Info: Redefining \ldots on input line 378.
LaTeX Info: Redefining \dots on input line 381.
LaTeX Info: Redefining \cdots on input line 466.
\Mathstrutbox@=\box42
\strutbox@=\box43
\big@size=\dimen144
LaTeX Font Info:    Redeclaring font encoding OML on input line 566.
LaTeX Font Info:    Redeclaring font encoding OMS on input line 567.
\macc@depth=\count129
\c@MaxMatrixCols=\count130
\dotsspace@=\muskip16
\c@parentequation=\count131
\dspbrk@lvl=\count132
\tag@help=\toks21
\row@=\count133
\column@=\count134
\maxfields@=\count135
\andhelp@=\toks22
\eqnshift@=\dimen145
\alignsep@=\dimen146
\tagshift@=\dimen147
\tagwidth@=\dimen148
\totwidth@=\dimen149
\lineht@=\dimen150
\@envbody=\toks23
\multlinegap=\skip53
\multlinetaggap=\skip54
\mathdisplay@stack=\toks24
LaTeX Info: Redefining \[ on input line 2665.
LaTeX Info: Redefining \] on input line 2666.
)
(/usr/share/texlive/texmf-dist/tex/latex/amscls/amsthm.sty
Package: amsthm 2004/08/06 v2.20
\thm@style=\toks25
\thm@bodyfont=\toks26
\thm@headfont=\toks27
\thm@notefont=\toks28
\thm@headpunct=\toks29
\thm@preskip=\skip55
\thm@postskip=\skip56
\thm@headsep=\skip57
\dth@everypar=\toks30
)
(/usr/share/texlive/texmf-dist/tex/latex/amsfonts/amssymb.sty
Package: amssymb 2013/01/14 v3.01 AMS font symbols

(/usr/share/texlive/texmf-dist/tex/latex/amsfonts/amsfonts.sty
Package: amsfonts 2013/01/14 v3.01 Basic AMSFonts support
\symAMSa=\mathgroup4
\symAMSb=\mathgroup5
LaTeX Font Info:    Overwriting math alphabet `\mathfrak' in version `bold'
(Font)                  U/euf/m/n --> U/euf/b/n on input line 106.
))
(/usr/share/texmf/tex/latex/pgf/frontendlayer/tikz.sty
(/usr/share/texmf/tex/latex/pgf/basiclayer/pgf.sty
(/usr/share/texmf/tex/latex/pgf/utilities/pgfrcs.sty
(/usr/share/texmf/tex/generic/pgf/utilities/pgfutil-common.tex
\pgfutil@everybye=\toks31
)
(/usr/share/texmf/tex/generic/pgf/utilities/pgfutil-latex.def
\pgfutil@abb=\box44

(/usr/share/texlive/texmf-dist/tex/latex/ms/everyshi.sty
Package: everyshi 2001/05/15 v3.00 EveryShipout Package (MS)
))
(/usr/share/texmf/tex/generic/pgf/utilities/pgfrcs.code.tex
Package: pgfrcs 2010/10/25 v2.10 (rcs-revision 1.24)
))
Package: pgf 2008/01/15 v2.10 (rcs-revision 1.12)

(/usr/share/texmf/tex/latex/pgf/basiclayer/pgfcore.sty
(/usr/share/texmf/tex/latex/pgf/systemlayer/pgfsys.sty
(/usr/share/texmf/tex/generic/pgf/systemlayer/pgfsys.code.tex
Package: pgfsys 2010/06/30 v2.10 (rcs-revision 1.37)

(/usr/share/texmf/tex/generic/pgf/utilities/pgfkeys.code.tex
\pgfkeys@pathtoks=\toks32
\pgfkeys@temptoks=\toks33

(/usr/share/texmf/tex/generic/pgf/utilities/pgfkeysfiltered.code.tex
\pgfkeys@tmptoks=\toks34
))
\pgf@x=\dimen151
\pgf@y=\dimen152
\pgf@xa=\dimen153
\pgf@ya=\dimen154
\pgf@xb=\dimen155
\pgf@yb=\dimen156
\pgf@xc=\dimen157
\pgf@yc=\dimen158
\w@pgf@writea=\write3
\r@pgf@reada=\read1
\c@pgf@counta=\count136
\c@pgf@countb=\count137
\c@pgf@countc=\count138
\c@pgf@countd=\count139

(/usr/share/texmf/tex/generic/pgf/systemlayer/pgf.cfg
File: pgf.cfg 2008/05/14  (rcs-revision 1.7)
)
Package pgfsys Info: Driver file for pgf: pgfsys-xetex.def on input line 900.

(/usr/share/texmf/tex/generic/pgf/systemlayer/pgfsys-xetex.def
File: pgfsys-xetex.def 2010/02/16  (rcs-revision 1.3)

(/usr/share/texmf/tex/generic/pgf/systemlayer/pgfsys-common-pdf.def
File: pgfsys-common-pdf.def 2008/05/19  (rcs-revision 1.10)
)
(/usr/share/texmf/tex/generic/pgf/systemlayer/pgfsys-common-pdf-via-dvi.def
File: pgfsys-common-pdf-via-dvi.def 2008/05/19  (rcs-revision 1.7)
)))
(/usr/share/texmf/tex/generic/pgf/systemlayer/pgfsyssoftpath.code.tex
File: pgfsyssoftpath.code.tex 2008/07/18  (rcs-revision 1.7)
\pgfsyssoftpath@smallbuffer@items=\count140
\pgfsyssoftpath@bigbuffer@items=\count141
)
(/usr/share/texmf/tex/generic/pgf/systemlayer/pgfsysprotocol.code.tex
File: pgfsysprotocol.code.tex 2006/10/16  (rcs-revision 1.4)
))
(/usr/share/texmf/tex/latex/xcolor/xcolor.sty
Package: xcolor 2007/01/21 v2.11 LaTeX color extensions (UK)

(/usr/share/texlive/texmf-dist/tex/latex/latexconfig/color.cfg
File: color.cfg 2007/01/18 v1.5 color configuration of teTeX/TeXLive
)
Package xcolor Info: Driver file: xetex.def on input line 225.
Package xcolor Info: Model `cmy' substituted by `cmy0' on input line 1337.
Package xcolor Info: Model `RGB' extended on input line 1353.
Package xcolor Info: Model `HTML' substituted by `rgb' on input line 1355.
Package xcolor Info: Model `Hsb' substituted by `hsb' on input line 1356.
Package xcolor Info: Model `tHsb' substituted by `hsb' on input line 1357.
Package xcolor Info: Model `HSB' substituted by `hsb' on input line 1358.
Package xcolor Info: Model `Gray' substituted by `gray' on input line 1359.
Package xcolor Info: Model `wave' substituted by `hsb' on input line 1360.
)
(/usr/share/texmf/tex/generic/pgf/basiclayer/pgfcore.code.tex
Package: pgfcore 2010/04/11 v2.10 (rcs-revision 1.7)

(/usr/share/texmf/tex/generic/pgf/math/pgfmath.code.tex
(/usr/share/texmf/tex/generic/pgf/math/pgfmathcalc.code.tex
(/usr/share/texmf/tex/generic/pgf/math/pgfmathutil.code.tex)
(/usr/share/texmf/tex/generic/pgf/math/pgfmathparser.code.tex
\pgfmath@dimen=\dimen159
\pgfmath@count=\count142
\pgfmath@box=\box45
\pgfmath@toks=\toks35
\pgfmath@stack@operand=\toks36
\pgfmath@stack@operation=\toks37
)
(/usr/share/texmf/tex/generic/pgf/math/pgfmathfunctions.code.tex
(/usr/share/texmf/tex/generic/pgf/math/pgfmathfunctions.basic.code.tex)
(/usr/share/texmf/tex/generic/pgf/math/pgfmathfunctions.trigonometric.code.tex)
(/usr/share/texmf/tex/generic/pgf/math/pgfmathfunctions.random.code.tex)
(/usr/share/texmf/tex/generic/pgf/math/pgfmathfunctions.comparison.code.tex)
(/usr/share/texmf/tex/generic/pgf/math/pgfmathfunctions.base.code.tex)
(/usr/share/texmf/tex/generic/pgf/math/pgfmathfunctions.round.code.tex)
(/usr/share/texmf/tex/generic/pgf/math/pgfmathfunctions.misc.code.tex)))
(/usr/share/texmf/tex/generic/pgf/math/pgfmathfloat.code.tex
\c@pgfmathroundto@lastzeros=\count143
))
(/usr/share/texmf/tex/generic/pgf/basiclayer/pgfcorepoints.code.tex
File: pgfcorepoints.code.tex 2010/04/09  (rcs-revision 1.20)
\pgf@picminx=\dimen160
\pgf@picmaxx=\dimen161
\pgf@picminy=\dimen162
\pgf@picmaxy=\dimen163
\pgf@pathminx=\dimen164
\pgf@pathmaxx=\dimen165
\pgf@pathminy=\dimen166
\pgf@pathmaxy=\dimen167
\pgf@xx=\dimen168
\pgf@xy=\dimen169
\pgf@yx=\dimen170
\pgf@yy=\dimen171
\pgf@zx=\dimen172
\pgf@zy=\dimen173
)
(/usr/share/texmf/tex/generic/pgf/basiclayer/pgfcorepathconstruct.code.tex
File: pgfcorepathconstruct.code.tex 2010/08/03  (rcs-revision 1.24)
\pgf@path@lastx=\dimen174
\pgf@path@lasty=\dimen175
)
(/usr/share/texmf/tex/generic/pgf/basiclayer/pgfcorepathusage.code.tex
File: pgfcorepathusage.code.tex 2008/04/22  (rcs-revision 1.12)
\pgf@shorten@end@additional=\dimen176
\pgf@shorten@start@additional=\dimen177
)
(/usr/share/texmf/tex/generic/pgf/basiclayer/pgfcorescopes.code.tex
File: pgfcorescopes.code.tex 2010/09/08  (rcs-revision 1.34)
\pgfpic=\box46
\pgf@hbox=\box47
\pgf@layerbox@main=\box48
\pgf@picture@serial@count=\count144
)
(/usr/share/texmf/tex/generic/pgf/basiclayer/pgfcoregraphicstate.code.tex
File: pgfcoregraphicstate.code.tex 2008/04/22  (rcs-revision 1.9)
\pgflinewidth=\dimen178
)
(/usr/share/texmf/tex/generic/pgf/basiclayer/pgfcoretransformations.code.tex
File: pgfcoretransformations.code.tex 2009/06/10  (rcs-revision 1.11)
\pgf@pt@x=\dimen179
\pgf@pt@y=\dimen180
\pgf@pt@temp=\dimen181
)
(/usr/share/texmf/tex/generic/pgf/basiclayer/pgfcorequick.code.tex
File: pgfcorequick.code.tex 2008/10/09  (rcs-revision 1.3)
)
(/usr/share/texmf/tex/generic/pgf/basiclayer/pgfcoreobjects.code.tex
File: pgfcoreobjects.code.tex 2006/10/11  (rcs-revision 1.2)
)
(/usr/share/texmf/tex/generic/pgf/basiclayer/pgfcorepathprocessing.code.tex
File: pgfcorepathprocessing.code.tex 2008/10/09  (rcs-revision 1.8)
)
(/usr/share/texmf/tex/generic/pgf/basiclayer/pgfcorearrows.code.tex
File: pgfcorearrows.code.tex 2008/04/23  (rcs-revision 1.11)
)
(/usr/share/texmf/tex/generic/pgf/basiclayer/pgfcoreshade.code.tex
File: pgfcoreshade.code.tex 2008/11/23  (rcs-revision 1.13)
\pgf@max=\dimen182
\pgf@sys@shading@range@num=\count145
)
(/usr/share/texmf/tex/generic/pgf/basiclayer/pgfcoreimage.code.tex
File: pgfcoreimage.code.tex 2010/03/25  (rcs-revision 1.16)

(/usr/share/texmf/tex/generic/pgf/basiclayer/pgfcoreexternal.code.tex
File: pgfcoreexternal.code.tex 2010/09/01  (rcs-revision 1.17)
\pgfexternal@startupbox=\box49
))
(/usr/share/texmf/tex/generic/pgf/basiclayer/pgfcorelayers.code.tex
File: pgfcorelayers.code.tex 2010/08/27  (rcs-revision 1.2)
)
(/usr/share/texmf/tex/generic/pgf/basiclayer/pgfcoretransparency.code.tex
File: pgfcoretransparency.code.tex 2008/01/17  (rcs-revision 1.2)
)
(/usr/share/texmf/tex/generic/pgf/basiclayer/pgfcorepatterns.code.tex
File: pgfcorepatterns.code.tex 2009/07/02  (rcs-revision 1.3)
)))
(/usr/share/texmf/tex/generic/pgf/modules/pgfmoduleshapes.code.tex
File: pgfmoduleshapes.code.tex 2010/09/09  (rcs-revision 1.13)
\pgfnodeparttextbox=\box50
)
(/usr/share/texmf/tex/generic/pgf/modules/pgfmoduleplot.code.tex
File: pgfmoduleplot.code.tex 2010/10/22  (rcs-revision 1.8)
)
(/usr/share/texmf/tex/latex/pgf/compatibility/pgfcomp-version-0-65.sty
Package: pgfcomp-version-0-65 2007/07/03 v2.10 (rcs-revision 1.7)
\pgf@nodesepstart=\dimen183
\pgf@nodesepend=\dimen184
)
(/usr/share/texmf/tex/latex/pgf/compatibility/pgfcomp-version-1-18.sty
Package: pgfcomp-version-1-18 2007/07/23 v2.10 (rcs-revision 1.1)
))
(/usr/share/texmf/tex/latex/pgf/utilities/pgffor.sty
(/usr/share/texmf/tex/latex/pgf/utilities/pgfkeys.sty
(/usr/share/texmf/tex/generic/pgf/utilities/pgfkeys.code.tex))
(/usr/share/texmf/tex/generic/pgf/utilities/pgffor.code.tex
Package: pgffor 2010/03/23 v2.10 (rcs-revision 1.18)
\pgffor@iter=\dimen185
\pgffor@skip=\dimen186
\pgffor@stack=\toks38
\pgffor@toks=\toks39
))
(/usr/share/texmf/tex/generic/pgf/frontendlayer/tikz/tikz.code.tex
Package: tikz 2010/10/13 v2.10 (rcs-revision 1.76)

(/usr/share/texmf/tex/generic/pgf/libraries/pgflibraryplothandlers.code.tex
File: pgflibraryplothandlers.code.tex 2010/05/31 v2.10 (rcs-revision 1.15)
\pgf@plot@mark@count=\count146
\pgfplotmarksize=\dimen187
)
\tikz@lastx=\dimen188
\tikz@lasty=\dimen189
\tikz@lastxsaved=\dimen190
\tikz@lastysaved=\dimen191
\tikzleveldistance=\dimen192
\tikzsiblingdistance=\dimen193
\tikz@figbox=\box51
\tikz@tempbox=\box52
\tikztreelevel=\count147
\tikznumberofchildren=\count148
\tikznumberofcurrentchild=\count149
\tikz@fig@count=\count150

(/usr/share/texmf/tex/generic/pgf/modules/pgfmodulematrix.code.tex
File: pgfmodulematrix.code.tex 2010/08/24  (rcs-revision 1.4)
\pgfmatrixcurrentrow=\count151
\pgfmatrixcurrentcolumn=\count152
\pgf@matrix@numberofcolumns=\count153
)
\tikz@expandcount=\count154

(/usr/share/texmf/tex/generic/pgf/frontendlayer/tikz/libraries/tikzlibrarytopat
hs.code.tex
File: tikzlibrarytopaths.code.tex 2008/06/17 v2.10 (rcs-revision 1.2)
)))
(/usr/share/texmf/tex/generic/pgf/frontendlayer/tikz/libraries/tikzlibraryshape
s.code.tex
File: tikzlibraryshapes.code.tex 2008/01/09 v2.10 (rcs-revision 1.1)

(/usr/share/texmf/tex/generic/pgf/frontendlayer/tikz/libraries/tikzlibraryshape
s.geometric.code.tex
File: tikzlibraryshapes.geometric.code.tex 2008/01/09 v2.10 (rcs-revision 1.1)

(/usr/share/texmf/tex/generic/pgf/libraries/shapes/pgflibraryshapes.geometric.c
ode.tex
File: pgflibraryshapes.geometric.code.tex 2008/06/26 v2.10 (rcs-revision 1.1)
))
(/usr/share/texmf/tex/generic/pgf/frontendlayer/tikz/libraries/tikzlibraryshape
s.misc.code.tex
File: tikzlibraryshapes.misc.code.tex 2008/01/09 v2.10 (rcs-revision 1.1)

(/usr/share/texmf/tex/generic/pgf/libraries/shapes/pgflibraryshapes.misc.code.t
ex
File: pgflibraryshapes.misc.code.tex 2008/10/07 v2.10 (rcs-revision 1.3)
))
(/usr/share/texmf/tex/generic/pgf/frontendlayer/tikz/libraries/tikzlibraryshape
s.symbols.code.tex
File: tikzlibraryshapes.symbols.code.tex 2008/01/09 v2.10 (rcs-revision 1.1)

(/usr/share/texmf/tex/generic/pgf/libraries/shapes/pgflibraryshapes.symbols.cod
e.tex
File: pgflibraryshapes.symbols.code.tex 2009/10/27 v2.10 (rcs-revision 1.3)
))
(/usr/share/texmf/tex/generic/pgf/frontendlayer/tikz/libraries/tikzlibraryshape
s.arrows.code.tex
File: tikzlibraryshapes.arrows.code.tex 2008/01/09 v2.10 (rcs-revision 1.1)

(/usr/share/texmf/tex/generic/pgf/libraries/shapes/pgflibraryshapes.arrows.code
.tex
File: pgflibraryshapes.arrows.code.tex 2008/06/26 v2.10 (rcs-revision 1.1)
))
(/usr/share/texmf/tex/generic/pgf/frontendlayer/tikz/libraries/tikzlibraryshape
s.callouts.code.tex
(/usr/share/texmf/tex/generic/pgf/libraries/shapes/pgflibraryshapes.callouts.co
de.tex))
(/usr/share/texmf/tex/generic/pgf/frontendlayer/tikz/libraries/tikzlibraryshape
s.multipart.code.tex
File: tikzlibraryshapes.multipart.code.tex 2008/01/09 v2.10 (rcs-revision 1.1)

(/usr/share/texmf/tex/generic/pgf/libraries/shapes/pgflibraryshapes.multipart.c
ode.tex
File: pgflibraryshapes.multipart.code.tex 2010/01/07 v2.10 (rcs-revision 1.2)
\pgfnodepartlowerbox=\box53
\pgfnodeparttwobox=\box54
\pgfnodepartthreebox=\box55
\pgfnodepartfourbox=\box56
\pgfnodeparttwentybox=\box57
\pgfnodepartnineteenbox=\box58
\pgfnodeparteighteenbox=\box59
\pgfnodepartseventeenbox=\box60
\pgfnodepartsixteenbox=\box61
\pgfnodepartfifteenbox=\box62
\pgfnodepartfourteenbox=\box63
\pgfnodepartthirteenbox=\box64
\pgfnodeparttwelvebox=\box65
\pgfnodepartelevenbox=\box66
\pgfnodeparttenbox=\box67
\pgfnodepartninebox=\box68
\pgfnodeparteightbox=\box69
\pgfnodepartsevenbox=\box70
\pgfnodepartsixbox=\box71
\pgfnodepartfivebox=\box72
)))
(/usr/share/texmf/tex/generic/pgf/frontendlayer/tikz/libraries/tikzlibraryarrow
s.code.tex
File: tikzlibraryarrows.code.tex 2008/01/09 v2.10 (rcs-revision 1.1)

(/usr/share/texmf/tex/generic/pgf/libraries/pgflibraryarrows.code.tex
File: pgflibraryarrows.code.tex 2008/10/27 v2.10 (rcs-revision 1.9)
\arrowsize=\dimen194
))
(/usr/share/texmf/tex/generic/pgf/frontendlayer/tikz/libraries/tikzlibraryposit
ioning.code.tex
File: tikzlibrarypositioning.code.tex 2008/10/06 v2.10 (rcs-revision 1.7)
)
(/usr/share/texmf/tex/generic/pgf/frontendlayer/tikz/libraries/tikzlibrarypatte
rns.code.tex
File: tikzlibrarypatterns.code.tex 2008/01/15 v2.10 (rcs-revision 1.2)

(/usr/share/texmf/tex/generic/pgf/libraries/pgflibrarypatterns.code.tex
File: pgflibrarypatterns.code.tex 2008/03/03 v2.10 (rcs-revision 1.13)
))
(/usr/share/texmf/tex/generic/pgf/frontendlayer/tikz/libraries/tikzlibrarycalc.
code.tex
File: tikzlibrarycalc.code.tex 2009/09/04 v2.10 (rcs-revision 1.6)
) (/usr/share/texlive/texmf-dist/tex/latex/float/float.sty
Package: float 2001/11/08 v1.3d Float enhancements (AL)
\c@float@type=\count155
\float@exts=\toks40
\float@box=\box73
\@float@everytoks=\toks41
\@floatcapt=\box74
)
(/usr/share/texlive/texmf-dist/tex/xelatex/xgreek/xgreek.sty
File: xgreek.sty 2013/07/05 v2.5 Package `xgreek.sty'

Package `xgreek' version 2.5 by Apostolos Syropoulos
\@attic@num=\count156
)
(/usr/share/texlive/texmf-dist/tex/latex/mh/mathtools.sty
Package: mathtools 2013/02/12 v1.13 mathematical typesetting tools

(/usr/share/texlive/texmf-dist/tex/latex/tools/calc.sty
Package: calc 2007/08/22 v4.3 Infix arithmetic (KKT,FJ)
\calc@Acount=\count157
\calc@Bcount=\count158
\calc@Adimen=\dimen195
\calc@Bdimen=\dimen196
\calc@Askip=\skip58
\calc@Bskip=\skip59
LaTeX Info: Redefining \setlength on input line 76.
LaTeX Info: Redefining \addtolength on input line 77.
\calc@Ccount=\count159
\calc@Cskip=\skip60
)
(/usr/share/texlive/texmf-dist/tex/latex/mh/mhsetup.sty
Package: mhsetup 2010/01/21 v1.2a programming setup (MH)
)
LaTeX Info: Thecontrolsequence`\('isalreadyrobust on input line 129.
LaTeX Info: Thecontrolsequence`\)'isalreadyrobust on input line 129.
LaTeX Info: Thecontrolsequence`\['isalreadyrobust on input line 129.
LaTeX Info: Thecontrolsequence`\]'isalreadyrobust on input line 129.
\g_MT_multlinerow_int=\count160
\l_MT_multwidth_dim=\dimen197
\origjot=\skip61
\l_MT_shortvdotswithinadjustabove_dim=\dimen198
\l_MT_shortvdotswithinadjustbelow_dim=\dimen199
\l_MT_above_intertext_sep=\dimen200
\l_MT_below_intertext_sep=\dimen201
Normal \dimen register pool exhausted, switching to extended pool.
\l_MT_above_shortintertext_sep=\dimen256
\l_MT_below_shortintertext_sep=\dimen257
)
(/usr/share/texlive/texmf-dist/tex/latex/tools/enumerate.sty
Package: enumerate 1999/03/05 v3.00 enumerate extensions (DPC)
\@enLab=\toks42
)
(/usr/share/texlive/texmf-dist/tex/latex/natbib/natbib.sty
Package: natbib 2010/09/13 8.31b (PWD, AO)
\bibhang=\skip62
\bibsep=\skip63
LaTeX Info: Redefining \cite on input line 694.
\c@NAT@ctr=\count161
)
(/usr/share/texlive/texmf-dist/tex/latex/algorithms/algorithm.sty
Invalid UTF-8 byte or sequence at line 11 replaced by U+FFFD.
Package: algorithm 2009/08/24 v0.1 Document Style `algorithm' - floating enviro
nment

(/usr/share/texlive/texmf-dist/tex/latex/base/ifthen.sty
Package: ifthen 2001/05/26 v1.1c Standard LaTeX ifthen package (DPC)
)
\@float@every@algorithm=\toks43
\c@algorithm=\count162
)
(/usr/share/texlive/texmf-dist/tex/latex/algorithms/algorithmic.sty
Invalid UTF-8 byte or sequence at line 11 replaced by U+FFFD.
Package: algorithmic 2009/08/24 v0.1 Document Style `algorithmic'
\c@ALC@unique=\count163
\c@ALC@line=\count164
\c@ALC@rem=\count165
\c@ALC@depth=\count166
\ALC@tlm=\skip64
\algorithmicindent=\skip65
)
(/usr/share/texlive/texmf-dist/tex/latex/wrapfig/wrapfig.sty
\wrapoverhang=\dimen258
\WF@size=\dimen259
\c@WF@wrappedlines=\count167
\WF@box=\box75
\WF@everypar=\toks44
Package: wrapfig 2003/01/31  v 3.6
)
(/usr/share/texlive/texmf-dist/tex/latex/caption/subcaption.sty
Package: subcaption 2013/02/03 v1.1-62 Sub-captions (AR)

(/usr/share/texlive/texmf-dist/tex/latex/caption/caption.sty
Package: caption 2013/05/02 v3.3-89 Customizing captions (AR)

(/usr/share/texlive/texmf-dist/tex/latex/caption/caption3.sty
Package: caption3 2013/05/02 v1.6-88 caption3 kernel (AR)
Package caption3 Info: TeX engine: e-TeX on input line 57.
\captionmargin=\dimen260
\captionmargin@=\dimen261
\captionwidth=\dimen262
\caption@tempdima=\dimen263
\caption@indent=\dimen264
\caption@parindent=\dimen265
\caption@hangindent=\dimen266
)
\c@ContinuedFloat=\count168
Package caption Info: float package is loaded.
Package caption Info: wrapfig package is loaded.
)
\c@subfigure=\count169
\c@subtable=\count170
)
(/usr/share/texlive/texmf-dist/tex/latex/oberdiek/pdflscape.sty
Package: pdflscape 2008/08/11 v0.10 Display of landscape pages in PDF (HO)

(/usr/share/texlive/texmf-dist/tex/latex/graphics/lscape.sty
Package: lscape 2000/10/22 v3.01 Landscape Pages (DPC)
)
Package pdflscape Info: Auto-detected driver: dvipdfm (xetex) on input line 98.


(/usr/share/texlive/texmf-dist/tex/generic/oberdiek/atbegshi.sty
Package: atbegshi 2011/10/05 v1.16 At begin shipout hook (HO)

(/usr/share/texlive/texmf-dist/tex/generic/oberdiek/infwarerr.sty
Package: infwarerr 2010/04/08 v1.3 Providing info/warning/error messages (HO)
)
(/usr/share/texlive/texmf-dist/tex/generic/oberdiek/ltxcmds.sty
Package: ltxcmds 2011/11/09 v1.22 LaTeX kernel commands for general use (HO)
)))
(/usr/share/texlive/texmf-dist/tex/latex/tools/longtable.sty
Package: longtable 2004/02/01 v4.11 Multi-page Table package (DPC)
\LTleft=\skip66
\LTright=\skip67
\LTpre=\skip68
\LTpost=\skip69
\LTchunksize=\count171
\LTcapwidth=\dimen267
\LT@head=\box76
\LT@firsthead=\box77
\LT@foot=\box78
\LT@lastfoot=\box79
\LT@cols=\count172
\LT@rows=\count173
\c@LT@tables=\count174
\c@LT@chunks=\count175
\LT@p@ftn=\toks45
)
(/usr/share/texlive/texmf-dist/tex/latex/hyperref/hyperref.sty
Package: hyperref 2012/11/06 v6.83m Hypertext links for LaTeX

(/usr/share/texlive/texmf-dist/tex/generic/oberdiek/hobsub-hyperref.sty
Package: hobsub-hyperref 2012/05/28 v1.13 Bundle oberdiek, subset hyperref (HO)


(/usr/share/texlive/texmf-dist/tex/generic/oberdiek/hobsub-generic.sty
Package: hobsub-generic 2012/05/28 v1.13 Bundle oberdiek, subset generic (HO)
Package: hobsub 2012/05/28 v1.13 Construct package bundles (HO)
Package hobsub Info: Skipping package `infwarerr' (already loaded).
Package hobsub Info: Skipping package `ltxcmds' (already loaded).
Package hobsub Info: Skipping package `ifluatex' (already loaded).
Package: ifvtex 2010/03/01 v1.5 Detect VTeX and its facilities (HO)
Package ifvtex Info: VTeX not detected.
Package: intcalc 2007/09/27 v1.1 Expandable calculations with integers (HO)
Package hobsub Info: Skipping package `ifpdf' (already loaded).
Package: etexcmds 2011/02/16 v1.5 Avoid name clashes with e-TeX commands (HO)
Package etexcmds Info: Could not find \expanded.
(etexcmds)             That can mean that you are not using pdfTeX 1.50 or
(etexcmds)             that some package has redefined \expanded.
(etexcmds)             In the latter case, load this package earlier.
Package: kvsetkeys 2012/04/25 v1.16 Key value parser (HO)
Package: kvdefinekeys 2011/04/07 v1.3 Define keys (HO)
Package: pdftexcmds 2011/11/29 v0.20 Utility functions of pdfTeX for LuaTeX (HO
)
Package pdftexcmds Info: LuaTeX not detected.
Package pdftexcmds Info: pdfTeX >= 1.30 not detected.
Package pdftexcmds Info: \pdf@primitive is available.
Package pdftexcmds Info: \pdf@ifprimitive is available.
Package pdftexcmds Info: \pdfdraftmode not found.
Package: pdfescape 2011/11/25 v1.13 Implements pdfTeX's escape features (HO)
Package: bigintcalc 2012/04/08 v1.3 Expandable calculations on big integers (HO
)
Package: bitset 2011/01/30 v1.1 Handle bit-vector datatype (HO)
Package: uniquecounter 2011/01/30 v1.2 Provide unlimited unique counter (HO)
)
Package hobsub Info: Skipping package `hobsub' (already loaded).
Package: letltxmacro 2010/09/02 v1.4 Let assignment for LaTeX macros (HO)
Package: hopatch 2012/05/28 v1.2 Wrapper for package hooks (HO)
Package: xcolor-patch 2011/01/30 xcolor patch
Package: atveryend 2011/06/30 v1.8 Hooks at the very end of document (HO)
Package atveryend Info: \enddocument detected (standard20110627).
Package hobsub Info: Skipping package `atbegshi' (already loaded).
Package: refcount 2011/10/16 v3.4 Data extraction from label references (HO)
Package: hycolor 2011/01/30 v1.7 Color options for hyperref/bookmark (HO)
)
(/usr/share/texlive/texmf-dist/tex/latex/oberdiek/auxhook.sty
Package: auxhook 2011/03/04 v1.3 Hooks for auxiliary files (HO)
)
(/usr/share/texlive/texmf-dist/tex/latex/oberdiek/kvoptions.sty
Package: kvoptions 2011/06/30 v3.11 Key value format for package options (HO)
)
\@linkdim=\dimen268
\Hy@linkcounter=\count176
\Hy@pagecounter=\count177

(/usr/share/texlive/texmf-dist/tex/latex/hyperref/pd1enc.def
File: pd1enc.def 2012/11/06 v6.83m Hyperref: PDFDocEncoding definition (HO)
)
\Hy@SavedSpaceFactor=\count178

(/usr/share/texlive/texmf-dist/tex/latex/latexconfig/hyperref.cfg
File: hyperref.cfg 2002/06/06 v1.2 hyperref configuration of TeXLive
)
Package hyperref Info: Option `colorlinks' set `false' on input line 4319.
Package hyperref Info: Hyper figures OFF on input line 4443.
Package hyperref Info: Link nesting OFF on input line 4448.
Package hyperref Info: Hyper index ON on input line 4451.
Package hyperref Info: Plain pages OFF on input line 4458.
Package hyperref Info: Backreferencing OFF on input line 4463.
Package hyperref Info: Implicit mode ON; LaTeX internals redefined.
Package hyperref Info: Bookmarks ON on input line 4688.
\c@Hy@tempcnt=\count179

(/usr/share/texlive/texmf-dist/tex/latex/url/url.sty
\Urlmuskip=\muskip17
Package: url 2006/04/12  ver 3.3  Verb mode for urls, etc.
)
LaTeX Info: Redefining \url on input line 5041.
\XeTeXLinkMargin=\dimen269
\Fld@menulength=\count180
\Field@Width=\dimen270
\Fld@charsize=\dimen271
Package hyperref Info: Hyper figures OFF on input line 6295.
Package hyperref Info: Link nesting OFF on input line 6300.
Package hyperref Info: Hyper index ON on input line 6303.
Package hyperref Info: backreferencing OFF on input line 6310.
Package hyperref Info: Link coloring OFF on input line 6315.
Package hyperref Info: Link coloring with OCG OFF on input line 6320.
Package hyperref Info: PDF/A mode OFF on input line 6325.
LaTeX Info: Redefining \ref on input line 6365.
LaTeX Info: Redefining \pageref on input line 6369.
\Hy@abspage=\count181
\c@Item=\count182
\c@Hfootnote=\count183
)

Package hyperref Message: Driver: hxetex.

(/usr/share/texlive/texmf-dist/tex/latex/hyperref/hxetex.def
File: hxetex.def 2012/11/06 v6.83m Hyperref driver for XeTeX

(/usr/share/texlive/texmf-dist/tex/latex/hyperref/puenc.def
File: puenc.def 2012/11/06 v6.83m Hyperref: PDF Unicode definition (HO)
)
(/usr/share/texlive/texmf-dist/tex/generic/oberdiek/stringenc.sty
Package: stringenc 2011/12/02 v1.10 Convert strings between diff. encodings (HO
)
)
\pdfm@box=\box80
\c@Hy@AnnotLevel=\count184
\HyField@AnnotCount=\count185
\Fld@listcount=\count186
\c@bookmark@seq@number=\count187

(/usr/share/texlive/texmf-dist/tex/latex/oberdiek/rerunfilecheck.sty
Package: rerunfilecheck 2011/04/15 v1.7 Rerun checks for auxiliary files (HO)
Package rerunfilecheck Info: Feature \pdfmdfivesum is not available
(rerunfilecheck)             (e.g. pdfTeX or LuaTeX with package `pdftexcmds').

(rerunfilecheck)             Therefore file contents cannot be checked efficien
tly
(rerunfilecheck)             and the loading of the package is aborted.
)
\Hy@SectionHShift=\skip70
)
(/usr/share/texlive/texmf-dist/tex/latex/fancyhdr/fancyhdr.sty
\fancy@headwidth=\skip71
\f@ncyO@elh=\skip72
\f@ncyO@erh=\skip73
\f@ncyO@olh=\skip74
\f@ncyO@orh=\skip75
\f@ncyO@elf=\skip76
\f@ncyO@erf=\skip77
\f@ncyO@olf=\skip78
\f@ncyO@orf=\skip79
)
(/usr/share/texlive/texmf-dist/tex/latex/multirow/multirow.sty
\bigstrutjot=\dimen272
)
(/usr/share/texlive/texmf-dist/tex/latex/nowidow/nowidow.sty
Package: nowidow 2011/09/20 1.0 Easily prevent widows and orphans
Package: nowidow 
)
\g__file_internal_ior=\read2
\g_fontspec_family_GFS Didot_int=\count188
.................................................
. fontspec info: "defining-font"
. 
. Font family 'GFSDidot(0)' created for font 'GFS Didot' with options
. [Mapping=tex-text].
. 
. This font family consists of the following shapes:
. 
. * 'normal' with NFSS spec.:
. <->"GFS Didot/ICU:script=latn;language=DFLT;mapping=tex-text;"
. 
. * 'small caps' with NFSS spec.:
. <->"GFS Didot/ICU:script=latn;language=DFLT;mapping=tex-text;+smcp;"
. 
. * 'bold' with NFSS spec.:
. <->"GFS Didot/B/ICU:script=latn;language=DFLT;mapping=tex-text;"
. 
. * 'italic' with NFSS spec.:
. <->"GFS Didot/I/ICU:script=latn;language=DFLT;mapping=tex-text;"
. 
. * 'bold italic' with NFSS spec.:
. <->"GFS Didot/BI/ICU:script=latn;language=DFLT;mapping=tex-text;"
.................................................
\g_fontspec_family_DejaVu Sans_int=\count189
.................................................
. fontspec info: "defining-font"
. 
. Font family 'DejaVuSans(0)' created for font 'DejaVu Sans' with options
. [Mapping=tex-text].
. 
. This font family consists of the following shapes:
. 
. * 'normal' with NFSS spec.:
. <->"DejaVu Sans/ICU:script=latn;language=DFLT;mapping=tex-text;"
. 
. * 'bold' with NFSS spec.:
. <->"DejaVu Sans/B/ICU:script=latn;language=DFLT;mapping=tex-text;"
. 
. * 'italic' with NFSS spec.:
. <->"DejaVu Sans/I/ICU:script=latn;language=DFLT;mapping=tex-text;"
. 
. * 'bold italic' with NFSS spec.:
. <->"DejaVu Sans/BI/ICU:script=latn;language=DFLT;mapping=tex-text;"
.................................................
\g_fontspec_family_DejaVu Sans Mono_int=\count190
.................................................
. fontspec info: "defining-font"
. 
. Font family 'DejaVuSansMono(0)' created for font 'DejaVu Sans Mono' with
. options [Mapping=tex-text].
. 
. This font family consists of the following shapes:
. 
. * 'normal' with NFSS spec.:
. <->"DejaVu Sans Mono/ICU:script=latn;language=DFLT;mapping=tex-text;"
. 
. * 'bold' with NFSS spec.:
. <->"DejaVu Sans Mono/B/ICU:script=latn;language=DFLT;mapping=tex-text;"
. 
. * 'italic' with NFSS spec.:
. <->"DejaVu Sans Mono/I/ICU:script=latn;language=DFLT;mapping=tex-text;"
. 
. * 'bold italic' with NFSS spec.:
. <->"DejaVu Sans Mono/BI/ICU:script=latn;language=DFLT;mapping=tex-text;"
.................................................

(/usr/share/texlive/texmf-dist/tex/latex/quotchap/quotchap.sty
Package: quotchap 2012/10/20 v1.1 Decorative Chapter Headings with Quotes
\@quotebox=\box81
)
(/usr/share/texlive/texmf-dist/tex/latex/titlesec/titlesec.sty
Package: titlesec 2011/12/15 v2.10.0 Sectioning titles
\ttl@box=\box82
\beforetitleunit=\skip80
\aftertitleunit=\skip81
\ttl@plus=\dimen273
\ttl@minus=\dimen274
\ttl@toksa=\toks46
\titlewidth=\dimen275
\titlewidthlast=\dimen276
\titlewidthfirst=\dimen277
))
(/usr/share/texlive/texmf-dist/tex/latex/blindtext/blindtext.sty
Package: blindtext 2012/01/06 V2.0 blindtext-Package

(/usr/share/texlive/texmf-dist/tex/latex/tools/xspace.sty
Package: xspace 2009/10/20 v1.13 Space after command names (DPC,MH)
)
\c@blindtext=\count191
\c@Blindtext=\count192
\c@blind@countparstart=\count193
\blind@countxx=\count194
\blindtext@numBlindtext=\count195
\blind@countyy=\count196
\c@blindlist=\count197
\c@blindlistlevel=\count198
\c@blindlist@level=\count199
\blind@listitem=\count200
\c@blind@listcount=\count201
Normal \count register pool exhausted, switching to extended pool.
\c@blind@levelcount=\count277
\blind@mathformula=\count278
\blind@Mathformula=\count279
\c@blind@randomcount=\count280
\c@blind@randommax=\count281
\c@blind@pangramcount=\count282
\c@blind@pangrammax=\count283
)
(/usr/share/texlive/texmf-dist/tex/latex/placeins/placeins.sty
Package: placeins 2005/04/18  v 2.2
)
(/usr/share/texlive/texmf-dist/tex/latex/pstricks/pstricks.sty
Package: pstricks 2013/05/22 v0.57 LaTeX wrapper for `PSTricks' (RN,HV)

(/usr/share/texlive/texmf-dist/tex/generic/pstricks/pstricks.tex
(/usr/share/texlive/texmf-dist/tex/generic/xkeyval/pst-xkey.tex
File: pst-xkey.tex 2005/11/25 v1.6 PSTricks specialization of xkeyval (HA)

(/usr/share/texlive/texmf-dist/tex/latex/xkeyval/xkeyval.sty
Package: xkeyval 2012/10/14 v2.6b package option processing (HA)

(/usr/share/texlive/texmf-dist/tex/generic/xkeyval/xkeyval.tex
\XKV@toks=\toks47
\XKV@tempa@toks=\toks48
\XKV@depth=\count284
File: xkeyval.tex 2012/10/14 v2.6b key=value parser (HA)
)))
(/usr/share/texlive/texmf-dist/tex/generic/pstricks/pst-fp.tex
`pst-fp' v0.05, 2010/01/17 (hv)
\pstFP@xs=\count285
\pstFP@xia=\count286
\pstFP@xib=\count287
\pstFP@xfa=\count288
\pstFP@xfb=\count289
\pstFP@rega=\count290
\pstFP@regb=\count291
\pstFP@regs=\count292
\pstFP@times=\count293
)
(/usr/share/texmf/tex/generic/pgf/utilities/pgfutil-common.tex
\pgfutil@everybye=\toks49
)
(/usr/share/texmf/tex/generic/pgf/utilities/pgfkeys.code.tex)
(/usr/share/texmf/tex/generic/pgf/utilities/pgffor.code.tex
\pgffor@iter=\dimen278
\pgffor@skip=\dimen279
\pgffor@stack=\toks50
\pgffor@toks=\toks51
)
\psLoopIndex=\count294

`PSTricks' v2.45  <2013/07/09> (tvz)
\pst@dima=\dimen280
\pst@dimb=\dimen281
\pst@dimc=\dimen282
\pst@dimd=\dimen283
\pst@dimg=\dimen284
\pst@dimh=\dimen285
\pst@dimm=\dimen286
\pst@dimn=\dimen287
\pst@dimo=\dimen288
\pst@dimp=\dimen289
\pst@hbox=\box83
\pst@ibox=\box84
\pst@boxg=\box85
\pst@cnta=\count295
\pst@cntb=\count296
\pst@cntc=\count297
\pst@cntd=\count298
\pst@cntg=\count299
\pst@cnth=\count300
\pst@cntm=\count301
\pst@cntn=\count302
\pst@cnto=\count303
\pst@cntp=\count304
\@zero=\count305
\pst@toks=\toks52
(/usr/share/texlive/texmf-dist/tex/xelatex/xetex-pstricks/pstricks.con
(/usr/share/texlive/texmf-dist/tex/generic/pstricks/config/xdvipdfmx.cfg))
\psunit=\dimen290
\psxunit=\dimen291
\psyunit=\dimen292
\pst@C@@rType=\count306
\pslinewidth=\dimen293
\psk@startLW=\dimen294
\psk@endLW=\dimen295
\pst@customdefs=\toks53
\pslinearc=\dimen296
\pst@symbolStep=\dimen297
\pst@symbolWidth=\dimen298
\pst@symbolLinewidth=\dimen299
\everypsbox=\toks54
\psframesep=\dimen300
\pslabelsep=\dimen301
\sh@wgridXunit=\dimen302
\sh@wgridYunit=\dimen303
\pst@shift=\dimen304
)
File: pstricks.tex 2013/07/09 v2.45 `PSTricks' (tvz,hv)

(/usr/share/texlive/texmf-dist/tex/generic/pstricks/pst-fp.tex)
File: pst-fp.tex 2013/07/09 v2.45 `PST-fp' (hv)
)
(/usr/share/texlive/texmf-dist/tex/latex/graphics/epsfig.sty
Package: epsfig 1999/02/16 v1.7a (e)psfig emulation (SPQR)
\epsfxsize=\dimen305
\epsfysize=\dimen306
)
(/usr/share/texlive/texmf-dist/tex/latex/pst-grad/pst-grad.sty
Package: pst-grad 2004/07/15 package wrapper for pst-grad.tex (hv)

(/usr/share/texlive/texmf-dist/tex/generic/pst-grad/pst-grad.tex
`pst-grad' v1.06, 2006/11/27 (tvz,dg,hv))
File: pst-grad.tex 2006/11/27 1.06 `pst-grad' (tvz)
)
(/usr/share/texlive/texmf-dist/tex/latex/pst-plot/pst-plot.sty
Package: pst-plot 2011/06/05 v1.00 LaTeX wrapper for `pst-plot' (HV)

(/usr/share/texlive/texmf-dist/tex/latex/xkeyval/pst-xkey.sty
Package: pst-xkey 2005/11/25 v1.6 package wrapper for pst-xkey.tex (HA)
)
(/usr/share/texlive/texmf-dist/tex/latex/multido/multido.sty
Package: multido 2004/05/17 package wrapper for PSTricks `multido.tex', (HV/RN)


(/usr/share/texlive/texmf-dist/tex/generic/multido/multido.tex
 v1.42, 2010/05/14 <tvz>
\multido@count=\count307
\multidocount=\count308
\multido@stuff=\toks55
)
File: multido.tex 2010/05/14 v1.42 `multido' (tvz,hv)
)
Package: pst-plot 2011/04/13 package wrapper for pst-plot.tex (hv)

(/usr/share/texlive/texmf-dist/tex/generic/pst-plot/pst-plot.tex
 v1.47, 2013/07/08 (tvz,hv)
\pstRadUnit=\dimen307
\pstRadUnitInv=\dimen308
\pst@linecnt=\count309
\RCD@file=\read3
\psxlabelsep=\dimen309
\psylabelsep=\dimen310
\psk@subticksize=\dimen311
\pst@xticksizeA=\dimen312
\pst@xticksizeB=\dimen313
\pst@xticksizeC=\dimen314
\pst@yticksizeA=\dimen315
\pst@yticksizeB=\dimen316
\pst@yticksizeC=\dimen317
\@digitcounter=\count310
\psk@llx=\dimen318
\psk@lly=\dimen319
\psk@urx=\dimen320
\psk@ury=\dimen321
\pst@xunit=\dimen322
\pst@yunit=\dimen323
)
File: pst-plot.tex 2013/07/08 1.47 `pst-plot' (tvz,hv)
) (./report.aux)
\openout1 = `report.aux'.

LaTeX Font Info:    Checking defaults for OML/cmm/m/it on input line 20.
LaTeX Font Info:    ... okay on input line 20.
LaTeX Font Info:    Checking defaults for T1/cmr/m/n on input line 20.
LaTeX Font Info:    ... okay on input line 20.
LaTeX Font Info:    Checking defaults for OT1/cmr/m/n on input line 20.
LaTeX Font Info:    ... okay on input line 20.
LaTeX Font Info:    Checking defaults for OMS/cmsy/m/n on input line 20.
LaTeX Font Info:    ... okay on input line 20.
LaTeX Font Info:    Checking defaults for OMX/cmex/m/n on input line 20.
LaTeX Font Info:    ... okay on input line 20.
LaTeX Font Info:    Checking defaults for U/cmr/m/n on input line 20.
LaTeX Font Info:    ... okay on input line 20.
LaTeX Font Info:    Checking defaults for EU1/lmr/m/n on input line 20.
LaTeX Font Info:    ... okay on input line 20.
LaTeX Font Info:    Checking defaults for T3/cmr/m/n on input line 20.
LaTeX Font Info:    Try loading font information for T3+cmr on input line 20.

(/usr/share/texmf/tex/latex/tipa/t3cmr.fd
File: t3cmr.fd 2001/12/31 TIPA font definitions
)
LaTeX Font Info:    ... okay on input line 20.
LaTeX Font Info:    Checking defaults for PD1/pdf/m/n on input line 20.
LaTeX Font Info:    ... okay on input line 20.
LaTeX Font Info:    Checking defaults for PU/pdf/m/n on input line 20.
LaTeX Font Info:    ... okay on input line 20.
.................................................
. fontspec info: "setup-math"
. 
. Adjusting the maths setup (use [no-math] to avoid this).
.................................................
\symlegacymaths=\mathgroup6
LaTeX Font Info:    Overwriting symbol font `legacymaths' in version `bold'
(Font)                  OT1/cmr/m/n --> OT1/cmr/bx/n on input line 20.
LaTeX Font Info:    Redeclaring math accent \acute on input line 20.
LaTeX Font Info:    Redeclaring math accent \grave on input line 20.
LaTeX Font Info:    Redeclaring math accent \ddot on input line 20.
LaTeX Font Info:    Redeclaring math accent \tilde on input line 20.
LaTeX Font Info:    Redeclaring math accent \bar on input line 20.
LaTeX Font Info:    Redeclaring math accent \breve on input line 20.
LaTeX Font Info:    Redeclaring math accent \check on input line 20.
LaTeX Font Info:    Redeclaring math accent \hat on input line 20.
LaTeX Font Info:    Redeclaring math accent \dot on input line 20.
LaTeX Font Info:    Redeclaring math accent \mathring on input line 20.
LaTeX Font Info:    Redeclaring math symbol \Gamma on input line 20.
LaTeX Font Info:    Redeclaring math symbol \Delta on input line 20.
LaTeX Font Info:    Redeclaring math symbol \Theta on input line 20.
LaTeX Font Info:    Redeclaring math symbol \Lambda on input line 20.
LaTeX Font Info:    Redeclaring math symbol \Xi on input line 20.
LaTeX Font Info:    Redeclaring math symbol \Pi on input line 20.
LaTeX Font Info:    Redeclaring math symbol \Sigma on input line 20.
LaTeX Font Info:    Redeclaring math symbol \Upsilon on input line 20.
LaTeX Font Info:    Redeclaring math symbol \Phi on input line 20.
LaTeX Font Info:    Redeclaring math symbol \Psi on input line 20.
LaTeX Font Info:    Redeclaring math symbol \Omega on input line 20.
LaTeX Font Info:    Redeclaring math symbol \mathdollar on input line 20.
LaTeX Font Info:    Redeclaring symbol font `operators' on input line 20.
LaTeX Font Info:    Encoding `OT1' has changed to `EU1' for symbol font
(Font)              `operators' in the math version `normal' on input line 20.
LaTeX Font Info:    Overwriting symbol font `operators' in version `normal'
(Font)                  OT1/cmr/m/n --> EU1/GFSDidot(0)/m/n on input line 20.
LaTeX Font Info:    Encoding `OT1' has changed to `EU1' for symbol font
(Font)              `operators' in the math version `bold' on input line 20.
LaTeX Font Info:    Overwriting symbol font `operators' in version `bold'
(Font)                  OT1/cmr/bx/n --> EU1/GFSDidot(0)/m/n on input line 20.
LaTeX Font Info:    Overwriting symbol font `operators' in version `normal'
(Font)                  EU1/GFSDidot(0)/m/n --> EU1/GFSDidot(0)/m/n on input li
ne 20.
LaTeX Font Info:    Overwriting math alphabet `\mathrm' in version `normal'
(Font)                  EU1/GFSDidot(0)/m/n --> EU1/GFSDidot(0)/m/n on input li
ne 20.
LaTeX Font Info:    Overwriting math alphabet `\mathit' in version `normal'
(Font)                  OT1/cmr/m/it --> EU1/GFSDidot(0)/m/it on input line 20.

LaTeX Font Info:    Overwriting math alphabet `\mathbf' in version `normal'
(Font)                  OT1/cmr/bx/n --> EU1/GFSDidot(0)/bx/n on input line 20.

LaTeX Font Info:    Overwriting math alphabet `\mathsf' in version `normal'
(Font)                  OT1/cmss/m/n --> EU1/DejaVuSans(0)/m/n on input line 20
.
LaTeX Font Info:    Overwriting math alphabet `\mathtt' in version `normal'
(Font)                  OT1/cmtt/m/n --> EU1/DejaVuSansMono(0)/m/n on input lin
e 20.
LaTeX Font Info:    Overwriting symbol font `operators' in version `bold'
(Font)                  EU1/GFSDidot(0)/m/n --> EU1/GFSDidot(0)/bx/n on input l
ine 20.
LaTeX Font Info:    Overwriting math alphabet `\mathrm' in version `bold'
(Font)                  EU1/GFSDidot(0)/m/n --> EU1/GFSDidot(0)/bx/n on input l
ine 20.
LaTeX Font Info:    Overwriting math alphabet `\mathit' in version `bold'
(Font)                  OT1/cmr/bx/it --> EU1/GFSDidot(0)/bx/it on input line 2
0.
LaTeX Font Info:    Overwriting math alphabet `\mathsf' in version `bold'
(Font)                  OT1/cmss/bx/n --> EU1/DejaVuSans(0)/bx/n on input line 
20.
LaTeX Font Info:    Overwriting math alphabet `\mathtt' in version `bold'
(Font)                  OT1/cmtt/m/n --> EU1/DejaVuSansMono(0)/bx/n on input li
ne 20.

ABD: EveryShipout initializing macros
Package caption Info: Begin \AtBeginDocument code.
Package caption Info: hyperref package is loaded.
Package caption Info: longtable package is loaded.

(/usr/share/texlive/texmf-dist/tex/latex/caption/ltcaption.sty
Package: ltcaption 2013/02/03 v1.3-62 longtable captions (AR)
)
Package caption Info: End \AtBeginDocument code.
\AtBeginShipoutBox=\box86
Package hyperref Info: Link coloring OFF on input line 20.

(/usr/share/texlive/texmf-dist/tex/latex/hyperref/nameref.sty
Package: nameref 2012/10/27 v2.43 Cross-referencing by name of section

(/usr/share/texlive/texmf-dist/tex/generic/oberdiek/gettitlestring.sty
Package: gettitlestring 2010/12/03 v1.4 Cleanup title references (HO)
)
\c@section@level=\count311
)
LaTeX Info: Redefining \ref on input line 20.
LaTeX Info: Redefining \pageref on input line 20.
LaTeX Info: Redefining \nameref on input line 20.

(./report.out) (./report.out)
\@outlinefile=\write4
\openout4 = `report.out'.

 (./chapters/firstPages.tex
File: ./images/authLogoTr.jpg Graphic file (type QTm)

<use  "./images/authLogoTr.jpg" >
LaTeX Font Info:    Try loading font information for U+msa on input line 7.

(/usr/share/texlive/texmf-dist/tex/latex/amsfonts/umsa.fd
File: umsa.fd 2013/01/14 v3.01 AMS symbols A
)
LaTeX Font Info:    Try loading font information for U+msb on input line 7.

(/usr/share/texlive/texmf-dist/tex/latex/amsfonts/umsb.fd
File: umsb.fd 2013/01/14 v3.01 AMS symbols B
)
Overfull \hbox (111.033pt too wide) in paragraph at lines 3--17
[]$[]$ $[]$ 
 []


Underfull \hbox (badness 10000) in paragraph at lines 3--17

 []

(/usr/share/texlive/texmf-dist/tex/generic/oberdiek/se-ascii-print.def
File: se-ascii-print.def 2011/12/02 v1.10 stringenc: Printable ASCII characters

)
[1

] [2] (./chapters/abstractEl.tex) [1] [2] (./chapters/abstractEng.tex
LaTeX Font Info:    Try loading font information for EU1+cmr on input line 1.
LaTeX Font Info:    No file EU1cmr.fd. on input line 1.


LaTeX Font Warning: Font shape `EU1/cmr/m/n' undefined
(Font)              using `EU1/lmr/m/n' instead on input line 1.


LaTeX Font Warning: Font shape `EU1/cmr/bx/n' undefined
(Font)              using `EU1/cmr/m/n' instead on input line 5.

) [3] [4

]
LaTeX Font Info:    Try loading font information for T1+pag on input line 60.
 (/usr/share/texlive/texmf-dist/tex/latex/psnfss/t1pag.fd
File: t1pag.fd 2001/06/04 font definitions for T1/pag.
)
LaTeX Font Info:    Font shape `T1/pag/b/n' in size <24.88> not available
(Font)              Font shape `T1/pag/db/n' tried instead on input line 60.
LaTeX Font Info:    Font shape `T1/pag/b/n' in size <100> not available
(Font)              Font shape `T1/pag/db/n' tried instead on input line 60.

(./report.toc)
\tf@toc=\write5
\openout5 = `report.toc'.

 [5] [6

] (./report.lof)
\tf@lof=\write6
\openout6 = `report.lof'.

 [7] [8

] (./report.lot)
\tf@lot=\write7
\openout7 = `report.lot'.

 [9] [10])
(./chapters/intro.tex
 1.
[1

] [2] [3]
File: ./images/integral.png Graphic file (type QTm)
 <use  "./images/integral.png" >) (./chapters/background.tex
[4]
 2.
[5

]
.................................................
. fontspec info: "defining-font"
. 
. Font family 'GFSDidot(1)' created for font 'GFS Didot' with options
. [Mapping=tex-text,VerticalPosition=Superior].
. 
. This font family consists of the following shapes:
. 
. * 'normal' with NFSS spec.:
. <->"GFS Didot/ICU:script=latn;language=DFLT;mapping=tex-text;+sups;"
. 
. * 'small caps' with NFSS spec.:
. <->"GFS Didot/ICU:script=latn;language=DFLT;mapping=tex-text;+sups;+smcp;"
. 
. * 'bold' with NFSS spec.:
. <->"GFS Didot/B/ICU:script=latn;language=DFLT;mapping=tex-text;+sups;"
. 
. * 'italic' with NFSS spec.:
. <->"GFS Didot/I/ICU:script=latn;language=DFLT;mapping=tex-text;+sups;"
. 
. * 'bold italic' with NFSS spec.:
. <->"GFS Didot/BI/ICU:script=latn;language=DFLT;mapping=tex-text;+sups;"
.................................................
.................................................
. fontspec info: "defining-font"
. 
. Font family 'GFSDidot(1)' created for font 'GFS Didot' with options
. [Mapping=tex-text,VerticalPosition=Superior].
. 
. This font family consists of the following shapes:
.................................................
 [6] [7]) (./chapters/suggestion.tex [8] [9] [10

]
 3.
.................................................
. fontspec info: "defining-font"
. 
. Font family 'GFSDidot(1)' created for font 'GFS Didot' with options
. [Mapping=tex-text,VerticalPosition=Superior].
. 
. This font family consists of the following shapes:
.................................................
.................................................
. fontspec info: "defining-font"
. 
. Font family 'GFSDidot(1)' created for font 'GFS Didot' with options
. [Mapping=tex-text,VerticalPosition=Superior].
. 
. This font family consists of the following shapes:
.................................................
[11] [12] [13]
Underfull \hbox (badness 10000) in paragraph at lines 101--102

 []

Package hyperref Info: bookmark level for unknown algorithm defaults to 0 on in
put line 105.
[14]
Underfull \vbox (badness 2285) has occurred while \output is active []

 [15]
File: ./images/examples/smallerTetragwno.png Graphic file (type QTm)

<use  "./images/examples/smallerTetragwno.png" >
LaTeX Info: Redefining \anw@print on input line 180.
LaTeX Info: Redefining \anw@print on input line 180.
LaTeX Info: Redefining \anw@print on input line 180.
LaTeX Info: Redefining \anw@print on input line 180.
File: ./images/examples/RotatedsmallerTetragwno.png Graphic file (type QTm)

<use  "./images/examples/RotatedsmallerTetragwno.png" >
LaTeX Info: Redefining \anw@print on input line 187.
LaTeX Info: Redefining \anw@print on input line 187.
LaTeX Info: Redefining \anw@print on input line 187.
LaTeX Info: Redefining \anw@print on input line 187.

Overfull \hbox (5.63202pt too wide) in paragraph at lines 178--189
 [][]  [] 
 []

File: ./images/examples/smallerTetragwno(15152020).png Graphic file (type QTm)
<use  "./images/examples/smallerTetragwno(15152020).png" >
LaTeX Info: Redefining \anw@print on input line 193.
LaTeX Info: Redefining \anw@print on input line 193.
LaTeX Info: Redefining \anw@print on input line 193.
LaTeX Info: Redefining \anw@print on input line 193.
File: ./images/examples/RotatedsmallerTetragwno(15152020).png Graphic file (typ
e QTm)

<use  "./images/examples/RotatedsmallerTetragwno(15152020).png" >
LaTeX Info: Redefining \anw@print on input line 199.
LaTeX Info: Redefining \anw@print on input line 199.
LaTeX Info: Redefining \anw@print on input line 199.
LaTeX Info: Redefining \anw@print on input line 199.
File: ./images/examples/emptyTetragwno.png Graphic file (type QTm)

<use  "./images/examples/emptyTetragwno.png" >
LaTeX Info: Redefining \anw@print on input line 211.
LaTeX Info: Redefining \anw@print on input line 211.
LaTeX Info: Redefining \anw@print on input line 211.
LaTeX Info: Redefining \anw@print on input line 211.
File: ./images/examples/emptyRotatedTetragwno.png Graphic file (type QTm)

<use  "./images/examples/emptyRotatedTetragwno.png" >
LaTeX Info: Redefining \anw@print on input line 217.
LaTeX Info: Redefining \anw@print on input line 217.
LaTeX Info: Redefining \anw@print on input line 217.
LaTeX Info: Redefining \anw@print on input line 217.

Overfull \hbox (5.63202pt too wide) in paragraph at lines 209--219
 [][]  [] 
 []

File: ./images/examples/emptyTetragwno(15152020).png Graphic file (type QTm)
<use  "./images/examples/emptyTetragwno(15152020).png" >
LaTeX Info: Redefining \anw@print on input line 223.
LaTeX Info: Redefining \anw@print on input line 223.
LaTeX Info: Redefining \anw@print on input line 223.
LaTeX Info: Redefining \anw@print on input line 223.
File: ./images/examples/emptyRotatedTetragwno(15152020).png Graphic file (type 
QTm)

<use  "./images/examples/emptyRotatedTetragwno(15152020).png" >
LaTeX Info: Redefining \anw@print on input line 229.
LaTeX Info: Redefining \anw@print on input line 229.
LaTeX Info: Redefining \anw@print on input line 229.
LaTeX Info: Redefining \anw@print on input line 229.
File: ./images/examples/trigwno.png Graphic file (type QTm)

<use  "./images/examples/trigwno.png" >
LaTeX Info: Redefining \anw@print on input line 240.
LaTeX Info: Redefining \anw@print on input line 240.
LaTeX Info: Redefining \anw@print on input line 240.
LaTeX Info: Redefining \anw@print on input line 240.
File: ./images/examples/trigwno90.png Graphic file (type QTm)

<use  "./images/examples/trigwno90.png" >
LaTeX Info: Redefining \anw@print on input line 246.
LaTeX Info: Redefining \anw@print on input line 246.
LaTeX Info: Redefining \anw@print on input line 246.
LaTeX Info: Redefining \anw@print on input line 246.

Underfull \hbox (badness 3612) in paragraph at lines 246--246
[]\EU1/GFSDidot(0)/bx/n/10.95 () |\EU1/GFSDidot(0)/m/it/10.95  
-
 []

File: ./images/examples/Rotatedtrigwno.png Graphic file (type QTm)
<use  "./images/examples/Rotatedtrigwno.png" >
LaTeX Info: Redefining \anw@print on input line 251.
LaTeX Info: Redefining \anw@print on input line 251.
LaTeX Info: Redefining \anw@print on input line 251.
LaTeX Info: Redefining \anw@print on input line 251.

Underfull \hbox (badness 3657) in paragraph at lines 251--251
[]\EU1/GFSDidot(0)/bx/n/10.95 () |\EU1/GFSDidot(0)/m/it/10.95  
-
 []

File: ./images/examples/trigwno(15152020).png Graphic file (type QTm)
<use  "./images/examples/trigwno(15152020).png" >
LaTeX Info: Redefining \anw@print on input line 257.
LaTeX Info: Redefining \anw@print on input line 257.
LaTeX Info: Redefining \anw@print on input line 257.
LaTeX Info: Redefining \anw@print on input line 257.
File: ./images/examples/trigwno90(15152020).png Graphic file (type QTm)

<use  "./images/examples/trigwno90(15152020).png" >
LaTeX Info: Redefining \anw@print on input line 263.
LaTeX Info: Redefining \anw@print on input line 263.
LaTeX Info: Redefining \anw@print on input line 263.
LaTeX Info: Redefining \anw@print on input line 263.
File: ./images/examples/Rotatedtrigwno(15152020).png Graphic file (type QTm)

<use  "./images/examples/Rotatedtrigwno(15152020).png" >
LaTeX Info: Redefining \anw@print on input line 272.
LaTeX Info: Redefining \anw@print on input line 272.
LaTeX Info: Redefining \anw@print on input line 272.
LaTeX Info: Redefining \anw@print on input line 272.
File: ./images/examples/orthogwnio.png Graphic file (type QTm)

<use  "./images/examples/orthogwnio.png" >
LaTeX Info: Redefining \anw@print on input line 283.
LaTeX Info: Redefining \anw@print on input line 283.
LaTeX Info: Redefining \anw@print on input line 283.
LaTeX Info: Redefining \anw@print on input line 283.
File: ./images/examples/orthogwnio90.png Graphic file (type QTm)

<use  "./images/examples/orthogwnio90.png" >
LaTeX Info: Redefining \anw@print on input line 289.
LaTeX Info: Redefining \anw@print on input line 289.
LaTeX Info: Redefining \anw@print on input line 289.
LaTeX Info: Redefining \anw@print on input line 289.
File: ./images/examples/Rotatedorthogwnio.png Graphic file (type QTm)

<use  "./images/examples/Rotatedorthogwnio.png" >
LaTeX Info: Redefining \anw@print on input line 294.
LaTeX Info: Redefining \anw@print on input line 294.
LaTeX Info: Redefining \anw@print on input line 294.
LaTeX Info: Redefining \anw@print on input line 294.
File: ./images/examples/orthogwnio(15152020).png Graphic file (type QTm)

<use  "./images/examples/orthogwnio(15152020).png" >
LaTeX Info: Redefining \anw@print on input line 300.
LaTeX Info: Redefining \anw@print on input line 300.
LaTeX Info: Redefining \anw@print on input line 300.
LaTeX Info: Redefining \anw@print on input line 300.
File: ./images/examples/orthogwnio90(15152020).png Graphic file (type QTm)

<use  "./images/examples/orthogwnio90(15152020).png" >
LaTeX Info: Redefining \anw@print on input line 309.
LaTeX Info: Redefining \anw@print on input line 309.
LaTeX Info: Redefining \anw@print on input line 309.
LaTeX Info: Redefining \anw@print on input line 309.
File: ./images/examples/Rotatedorthogwnio(15152020).png Graphic file (type QTm)


<use  "./images/examples/Rotatedorthogwnio(15152020).png" >
LaTeX Info: Redefining \anw@print on input line 315.
LaTeX Info: Redefining \anw@print on input line 315.
LaTeX Info: Redefining \anw@print on input line 315.
LaTeX Info: Redefining \anw@print on input line 315.
LaTeX Info: Redefining \anw@print on input line 327.
File: ./images/examples/smallerTetragwno(15152020).png Graphic file (type QTm)

<use  "./images/examples/smallerTetragwno(15152020).png" >
LaTeX Info: Redefining \anw@print on input line 333.
LaTeX Info: Redefining \anw@print on input line 333.
LaTeX Info: Redefining \anw@print on input line 333.
LaTeX Info: Redefining \anw@print on input line 333.
File: ./images/examples/smallerTetragwno(25253535).png Graphic file (type QTm)

<use  "./images/examples/smallerTetragwno(25253535).png" >
LaTeX Info: Redefining \anw@print on input line 339.
LaTeX Info: Redefining \anw@print on input line 339.
LaTeX Info: Redefining \anw@print on input line 339.
LaTeX Info: Redefining \anw@print on input line 339.
File: ./images/examples/smallerTetragwno(551515).png Graphic file (type QTm)

<use  "./images/examples/smallerTetragwno(551515).png" >
LaTeX Info: Redefining \anw@print on input line 347.
LaTeX Info: Redefining \anw@print on input line 347.
LaTeX Info: Redefining \anw@print on input line 347.
LaTeX Info: Redefining \anw@print on input line 347.
 [16] [17] [18]
[19] [20] [21] [22] [23]
File: ./images/gauss2DCurve.png Graphic file (type QTm)
 <use  "./images/gauss2DCurve.png" >
File: ./images/gauss2DImage.png Graphic file (type QTm)

<use  "./images/gauss2DImage.png" >
.................................................
. fontspec info: "defining-font"
. 
. Font family 'GFSDidot(1)' created for font 'GFS Didot' with options
. [Mapping=tex-text,VerticalPosition=Superior].
. 
. This font family consists of the following shapes:
.................................................
.................................................
. fontspec info: "defining-font"
. 
. Font family 'GFSDidot(1)' created for font 'GFS Didot' with options
. [Mapping=tex-text,VerticalPosition=Superior].
. 
. This font family consists of the following shapes:
.................................................
File: ./images/peppers.png Graphic file (type QTm)
 <use  "./images/peppers.png" >
File: ./images/peppers1.png Graphic file (type QTm)

<use  "./images/peppers1.png" >
Overfull \hbox (5.63202pt too wide) in paragraph at lines 388--396
 [][]  [] 
 []

File: ./images/peppers2.png Graphic file (type QTm)
<use  "./images/peppers2.png" >
File: ./images/peppers4.png Graphic file (type QTm)
 <use  "./images/peppers4.png" >
Overfull \hbox (5.63202pt too wide) in paragraph at lines 399--407
 [][]  [] 
 []

[24]
File: ./images/examples/lena.jpg Graphic file (type QTm)
 <use  "./images/examples/lena.jpg" >
LaTeX Info: Redefining \anw@print on input line 419.
LaTeX Info: Redefining \anw@print on input line 419.
LaTeX Info: Redefining \anw@print on input line 419.
LaTeX Info: Redefining \anw@print on input line 419.
File: ./images/examples/pointNo3afterGaussian.png Graphic file (type QTm)

<use  "./images/examples/pointNo3afterGaussian.png" >
LaTeX Info: Redefining \anw@print on input line 425.
LaTeX Info: Redefining \anw@print on input line 425.
LaTeX Info: Redefining \anw@print on input line 425.
LaTeX Info: Redefining \anw@print on input line 425.

Overfull \hbox (5.63202pt too wide) in paragraph at lines 417--427
 [][]  [] 
 []

File: ./images/examples/gaussianOfPointNo3.png Graphic file (type QTm)
<use  "./images/examples/gaussianOfPointNo3.png" >
LaTeX Info: Redefining \anw@print on input line 431.
LaTeX Info: Redefining \anw@print on input line 431.
LaTeX Info: Redefining \anw@print on input line 431.
LaTeX Info: Redefining \anw@print on input line 431.
File: ./images/examples/pointNo3cropped.png Graphic file (type QTm)

<use  "./images/examples/pointNo3cropped.png" >
LaTeX Info: Redefining \anw@print on input line 437.
LaTeX Info: Redefining \anw@print on input line 437.
LaTeX Info: Redefining \anw@print on input line 437.
LaTeX Info: Redefining \anw@print on input line 437.

Overfull \hbox (5.632pt too wide) in paragraph at lines 429--439
 [][]  [] 
 []

) (./chapters/experiments.tex [25] [26] [27] [28

]
 4.

Underfull \vbox (badness 10000) has occurred while \output is active []

 [29]
LaTeX Info: Redefining \anw@print on input line 62.
LaTeX Info: Redefining \anw@print on input line 62.
LaTeX Info: Redefining \anw@print on input line 62.
LaTeX Info: Redefining \anw@print on input line 62.
LaTeX Info: Redefining \anw@print on input line 62.
LaTeX Info: Redefining \anw@print on input line 62.

[30]
File: ./images/LFflow/rect_crop.png Graphic file (type QTm)
 <use  "./images/LFflow/rect_crop.png" >
LaTeX Info: Redefining \anw@print on input line 74.
LaTeX Info: Redefining \anw@print on input line 74.
LaTeX Info: Redefining \anw@print on input line 74.
LaTeX Info: Redefining \anw@print on input line 74.
File: ./images/LFflow/croppedLarge_crop.png Graphic file (type QTm)

<use  "./images/LFflow/croppedLarge_crop.png" >
LaTeX Info: Redefining \anw@print on input line 80.
LaTeX Info: Redefining \anw@print on input line 80.
LaTeX Info: Redefining \anw@print on input line 80.
LaTeX Info: Redefining \anw@print on input line 80.
File: ./images/LFflow/filteredLarge_crop.png Graphic file (type QTm)

<use  "./images/LFflow/filteredLarge_crop.png" >
LaTeX Info: Redefining \anw@print on input line 86.
LaTeX Info: Redefining \anw@print on input line 86.
LaTeX Info: Redefining \anw@print on input line 86.
LaTeX Info: Redefining \anw@print on input line 86.
File: ./images/LFflow/croppedSmall_crop.png Graphic file (type QTm)

<use  "./images/LFflow/croppedSmall_crop.png" >
LaTeX Info: Redefining \anw@print on input line 92.
LaTeX Info: Redefining \anw@print on input line 92.
LaTeX Info: Redefining \anw@print on input line 92.
LaTeX Info: Redefining \anw@print on input line 92.
File: ./images/LFflow/filteredSmall_crop.png Graphic file (type QTm)

<use  "./images/LFflow/filteredSmall_crop.png" >
LaTeX Info: Redefining \anw@print on input line 98.
LaTeX Info: Redefining \anw@print on input line 98.
LaTeX Info: Redefining \anw@print on input line 98.
LaTeX Info: Redefining \anw@print on input line 98.

Underfull \vbox (badness 2237) has occurred while \output is active []

 [31]
Underfull \vbox (badness 1721) has occurred while \output is active []

 [32]
[33] [34] [35] [36] [37] [38] [39] [40]
Underfull \hbox (badness 10000) in paragraph at lines 1355--1357

 []


LaTeX Warning: `h' float specifier changed to `ht'.

[41


] [42] [43]) (./chapters/conclusions.tex [44

]
 5.

LaTeX Warning: Command \textdegree invalid in math mode on input line 3.

) (./report.bbl [45

] [46]
Underfull \hbox (badness 1087) in paragraph at lines 36--40
\EU1/GFSDidot(0)/m/n/12 image classification using triple-correlation-based neu
ral networks.
 []


Underfull \hbox (badness 1067) in paragraph at lines 42--45
[]\EU1/GFSDidot(0)/m/n/12 Monson H. Hayes.  \EU1/GFSDidot(0)/m/it/12 Digital Si
gnal Processing\EU1/GFSDidot(0)/m/n/12 .  The McGraw-Hill
 []


Underfull \hbox (badness 1237) in paragraph at lines 51--54
[]\EU1/GFSDidot(0)/m/n/12 David G. Lowe.  Distinctive image features from scale
-invariant
 []

[47

]
Underfull \hbox (badness 4108) in paragraph at lines 82--88
[]\EU1/GFSDidot(0)/m/n/12 K. E. A. van de Sande, T. Gevers, and C. G. M. Snoek.

 []

)
Package atveryend Info: Empty hook `BeforeClearDocument' on input line 33.
 [48]
Package atveryend Info: Empty hook `AfterLastShipout' on input line 33.
 (./report.aux)
Package atveryend Info: Empty hook `AtVeryEndDocument' on input line 33.
Package atveryend Info: Empty hook `AtEndAfterFileList' on input line 33.


LaTeX Font Warning: Some font shapes were not available, defaults substituted.

Package atveryend Info: Empty hook `AtVeryVeryEnd' on input line 33.
 ) 
Here is how much of TeX's memory you used:
 38205 strings out of 493934
 745295 string characters out of 6150767
 850415 words of memory out of 5000000
 40719 multiletter control sequences out of 15000+600000
 21776 words of font info for 128 fonts, out of 8000000 for 9000
 1144 hyphenation exceptions out of 8191
 63i,20n,75p,2100b,759s stack positions out of 5000i,500n,10000p,200000b,80000s

Output written on report.pdf (60 pages).
