\BOOKMARK [0][-]{chapter.1}{Εισαγωγή}{}% 1
\BOOKMARK [1][-]{section.1.1}{Διατύπωση του Προβλήματος}{chapter.1}% 2
\BOOKMARK [1][-]{section.1.2}{Υπάρχουσες Μέθοδοι}{chapter.1}% 3
\BOOKMARK [2][-]{subsection.1.2.1}{Μοντέλο Bag of Words}{section.1.2}% 4
\BOOKMARK [2][-]{subsection.1.2.2}{SIFT}{section.1.2}% 5
\BOOKMARK [2][-]{subsection.1.2.3}{SURF}{section.1.2}% 6
\BOOKMARK [0][-]{chapter.2}{Θεωρητικό Υπόβαθρο}{}% 7
\BOOKMARK [1][-]{section.2.1}{Συσχετίσεις}{chapter.2}% 8
\BOOKMARK [2][-]{subsection.2.1.1}{Ορισμός}{section.2.1}% 9
\BOOKMARK [2][-]{subsection.2.1.2}{Ιδιότητες των Συσχετίσεων}{section.2.1}% 10
\BOOKMARK [2][-]{subsection.2.1.3}{Συσχετίσεις & Μετασχηματισμός Fourier}{section.2.1}% 11
\BOOKMARK [0][-]{chapter.3}{Προτεινόμενος Περιγραφέας}{}% 12
\BOOKMARK [1][-]{section.3.1}{Θεωρητική Ανάλυση της Αναπαράστασης}{chapter.3}% 13
\BOOKMARK [1][-]{section.3.2}{Αλγοριθμική Υλοποίηση της Αναπαράστασης}{chapter.3}% 14
\BOOKMARK [1][-]{section.3.3}{Πολυπλοκότητα}{chapter.3}% 15
\BOOKMARK [1][-]{section.3.4}{Παραδείγματα}{chapter.3}% 16
\BOOKMARK [1][-]{section.3.5}{Υλοποίηση Μοντέλου Bag of Words}{chapter.3}% 17
\BOOKMARK [0][-]{chapter.4}{Πειράματα}{}% 18
\BOOKMARK [1][-]{section.4.1}{Οργάνωση Πειραμάτων}{chapter.4}% 19
\BOOKMARK [2][-]{subsection.4.1.1}{Δεδομένα}{section.4.1}% 20
\BOOKMARK [2][-]{subsection.4.1.2}{Υλοποίηση του μοντέλου Bag of Words}{section.4.1}% 21
\BOOKMARK [2][-]{subsection.4.1.3}{Ταξινόμηση των εικόνων}{section.4.1}% 22
\BOOKMARK [2][-]{subsection.4.1.4}{Αξιολόγηση των αποτελεσμάτων}{section.4.1}% 23
\BOOKMARK [1][-]{section.4.2}{Αποτελέσματα}{chapter.4}% 24
\BOOKMARK [2][-]{subsection.4.2.1}{Προτεινόμενος Περιγραφέας}{section.4.2}% 25
\BOOKMARK [2][-]{subsection.4.2.2}{SIFT}{section.4.2}% 26
\BOOKMARK [0][-]{chapter.5}{Συμπεράσματα}{}% 27
